INFO:werkzeug: * Detected change in '/home/puurun/projects/nlp-project/backend/api_server.py', reloading
INFO:werkzeug: * Detected change in '/home/puurun/projects/nlp-project/backend/api_server.py', reloading
INFO:werkzeug: * Detected change in '/home/puurun/projects/nlp-project/backend/api_server.py', reloading
INFO:werkzeug:127.0.0.1 - - [07/Feb/2024 17:29:58] "OPTIONS /api/chat/message HTTP/1.1" 200 -
INFO:root:{'intent1': '', 'slot': '', 'user_text': 'ì†Œì •ë¯¼ êµìˆ˜ë‹˜ !!'}
INFO:root:intent1=ê°•ì˜
INFO:werkzeug:127.0.0.1 - - [07/Feb/2024 17:29:58] "POST /api/chat/message HTTP/1.1" 200 -
INFO:werkzeug:127.0.0.1 - - [07/Feb/2024 17:31:43] "OPTIONS /api/chat/message HTTP/1.1" 200 -
INFO:root:{'intent1': '', 'slot': '', 'user_text': 'ã…ã„´ã…‡ã…ã„´ã…‡'}
INFO:root:intent1=ì§€ë„
INFO:werkzeug:127.0.0.1 - - [07/Feb/2024 17:31:43] "POST /api/chat/message HTTP/1.1" 200 -
INFO:werkzeug:127.0.0.1 - - [07/Feb/2024 17:32:09] "OPTIONS /api/chat/message HTTP/1.1" 200 -
INFO:root:{'intent1': '', 'slot': '', 'user_text': 'ã…ã„´ã…‡ã…ã„´ã…‡'}
INFO:root:intent1=ì§€ë„
INFO:werkzeug:127.0.0.1 - - [07/Feb/2024 17:32:09] "POST /api/chat/message HTTP/1.1" 200 -
INFO:root:{'intent1': 'ì§€ë„', 'response_text': 'intent1 is ì§€ë„', 'user_text': 'ã…‚ã…ˆã„·ã…‚ã…ˆã„·'}
INFO:werkzeug:127.0.0.1 - - [07/Feb/2024 17:32:12] "POST /api/chat/message HTTP/1.1" 200 -
INFO:root:{'intent1': 'ì§€ë„', 'response_text': 'intent1 is ì§€ë„', 'user_text': 'ã…‹ã…Œã…Šã…‹ã…Œã…Š'}
INFO:werkzeug:127.0.0.1 - - [07/Feb/2024 17:32:14] "POST /api/chat/message HTTP/1.1" 200 -
INFO:werkzeug:127.0.0.1 - - [07/Feb/2024 17:32:37] "OPTIONS /api/chat/message HTTP/1.1" 200 -
INFO:root:{'intent1': '', 'slot': '', 'user_text': 'ì´ê±° ì–´ë””ëƒ'}
INFO:root:intent1=ì§€ë„
INFO:werkzeug:127.0.0.1 - - [07/Feb/2024 17:32:37] "POST /api/chat/message HTTP/1.1" 200 -
INFO:werkzeug:127.0.0.1 - - [07/Feb/2024 17:32:46] "OPTIONS /api/chat/message HTTP/1.1" 200 -
INFO:root:{'intent1': '', 'slot': '', 'user_text': 'ë§ˆê´€ì—ì„œ íŒŒê´€'}
INFO:root:intent1=ì§€ë„
INFO:werkzeug:127.0.0.1 - - [07/Feb/2024 17:32:46] "POST /api/chat/message HTTP/1.1" 200 -
INFO:werkzeug: * Detected change in '/home/puurun/projects/nlp-project/backend/api_server.py', reloading
INFO:werkzeug: * Detected change in '/home/puurun/projects/nlp-project/backend/api_server.py', reloading
INFO:werkzeug: * Detected change in '/home/puurun/projects/nlp-project/backend/api_server.py', reloading
INFO:werkzeug: * Detected change in '/home/puurun/projects/nlp-project/backend/api_server.py', reloading
INFO:werkzeug: * Detected change in '/home/puurun/projects/nlp-project/backend/api_server.py', reloading
INFO:werkzeug: * Detected change in '/home/puurun/projects/nlp-project/backend/api_server.py', reloading
INFO:werkzeug:[31m[1mWARNING: This is a development server. Do not use it in a production deployment. Use a production WSGI server instead.[0m
 * Running on http://127.0.0.1:5000
INFO:werkzeug:[33mPress CTRL+C to quit[0m
INFO:werkzeug: * Restarting with stat
INFO:werkzeug: * Detected change in '/home/puurun/projects/nlp-project/backend/api_server.py', reloading
INFO:werkzeug: * Restarting with stat
INFO:werkzeug: * Detected change in '/home/puurun/projects/nlp-project/backend/api_server.py', reloading
INFO:werkzeug: * Restarting with stat
INFO:werkzeug: * Detected change in '/home/puurun/projects/nlp-project/backend/api_server.py', reloading
INFO:werkzeug: * Restarting with stat
INFO:werkzeug: * Detected change in '/home/puurun/projects/nlp-project/backend/api_server.py', reloading
INFO:werkzeug: * Restarting with stat
INFO:werkzeug: * Detected change in '/home/puurun/projects/nlp-project/backend/api_server.py', reloading
INFO:werkzeug: * Restarting with stat
INFO:werkzeug: * Detected change in '/home/puurun/projects/nlp-project/backend/api_server.py', reloading
INFO:werkzeug: * Restarting with stat
INFO:werkzeug: * Detected change in '/home/puurun/projects/nlp-project/backend/api_server.py', reloading
INFO:werkzeug: * Restarting with stat
INFO:werkzeug: * Detected change in '/home/puurun/projects/nlp-project/backend/api_server.py', reloading
INFO:werkzeug: * Restarting with stat
INFO:werkzeug: * Detected change in '/home/puurun/projects/nlp-project/backend/api_server.py', reloading
INFO:werkzeug: * Restarting with stat
INFO:werkzeug: * Detected change in '/home/puurun/projects/nlp-project/backend/api_server.py', reloading
INFO:werkzeug: * Restarting with stat
INFO:werkzeug: * Detected change in '/home/puurun/projects/nlp-project/backend/api_server.py', reloading
INFO:werkzeug: * Restarting with stat
INFO:werkzeug: * Detected change in '/home/puurun/projects/nlp-project/backend/api_server.py', reloading
INFO:werkzeug: * Restarting with stat
INFO:werkzeug: * Detected change in '/home/puurun/projects/nlp-project/backend/api_server.py', reloading
INFO:werkzeug: * Restarting with stat
INFO:werkzeug: * Detected change in '/home/puurun/projects/nlp-project/backend/api_server.py', reloading
INFO:werkzeug: * Restarting with stat
INFO:werkzeug: * Detected change in '/home/puurun/projects/nlp-project/backend/api_server.py', reloading
INFO:werkzeug: * Restarting with stat
INFO:werkzeug: * Detected change in '/home/puurun/projects/nlp-project/backend/api_server.py', reloading
INFO:werkzeug: * Restarting with stat
INFO:werkzeug: * Detected change in '/home/puurun/projects/nlp-project/backend/api_server.py', reloading
INFO:werkzeug: * Restarting with stat
INFO:werkzeug: * Detected change in '/home/puurun/projects/nlp-project/backend/api_server.py', reloading
INFO:werkzeug: * Restarting with stat
INFO:werkzeug: * Detected change in '/home/puurun/projects/nlp-project/backend/api_server.py', reloading
INFO:werkzeug: * Restarting with stat
INFO:werkzeug: * Detected change in '/home/puurun/projects/nlp-project/backend/api_server.py', reloading
INFO:werkzeug: * Restarting with stat
INFO:werkzeug: * Detected change in '/home/puurun/projects/nlp-project/backend/api_server.py', reloading
INFO:werkzeug: * Restarting with stat
INFO:werkzeug: * Detected change in '/home/puurun/projects/nlp-project/backend/api_server.py', reloading
INFO:werkzeug: * Restarting with stat
INFO:werkzeug: * Detected change in '/home/puurun/projects/nlp-project/backend/api_server.py', reloading
INFO:werkzeug: * Restarting with stat
INFO:werkzeug: * Detected change in '/home/puurun/projects/nlp-project/backend/api_server.py', reloading
INFO:werkzeug: * Restarting with stat
INFO:werkzeug: * Detected change in '/home/puurun/projects/nlp-project/backend/api_server.py', reloading
INFO:werkzeug: * Restarting with stat
INFO:werkzeug: * Restarting with stat
INFO:werkzeug: * Restarting with stat
INFO:werkzeug: * Detected change in '/home/puurun/projects/nlp-project/backend/api_server.py', reloading
INFO:werkzeug: * Restarting with stat
INFO:werkzeug: * Detected change in '/home/puurun/projects/nlp-project/backend/api_server.py', reloading
INFO:werkzeug: * Restarting with stat
INFO:werkzeug: * Detected change in '/home/puurun/projects/nlp-project/backend/api_server.py', reloading
INFO:werkzeug: * Restarting with stat
INFO:werkzeug: * Detected change in '/home/puurun/projects/nlp-project/backend/api_server.py', reloading
INFO:werkzeug: * Restarting with stat
INFO:werkzeug: * Detected change in '/home/puurun/projects/nlp-project/backend/api_server.py', reloading
INFO:werkzeug: * Restarting with stat
INFO:werkzeug: * Detected change in '/home/puurun/projects/nlp-project/backend/api_server.py', reloading
INFO:werkzeug: * Restarting with stat
INFO:werkzeug: * Detected change in '/home/puurun/projects/nlp-project/backend/api_server.py', reloading
INFO:werkzeug: * Restarting with stat
INFO:werkzeug: * Restarting with stat
INFO:werkzeug: * Restarting with stat
INFO:werkzeug: * Restarting with stat
INFO:werkzeug: * Restarting with stat
INFO:werkzeug: * Restarting with stat
INFO:werkzeug: * Restarting with stat
INFO:werkzeug: * Restarting with stat
INFO:werkzeug: * Restarting with stat
INFO:werkzeug: * Restarting with stat
INFO:werkzeug: * Restarting with stat
INFO:werkzeug: * Restarting with stat
INFO:werkzeug: * Restarting with stat
INFO:werkzeug: * Restarting with stat
INFO:werkzeug: * Restarting with stat
INFO:werkzeug: * Restarting with stat
INFO:werkzeug: * Restarting with stat
INFO:werkzeug: * Restarting with stat
INFO:werkzeug: * Restarting with stat
INFO:werkzeug: * Restarting with stat
INFO:werkzeug: * Restarting with stat
INFO:werkzeug: * Restarting with stat
INFO:werkzeug: * Restarting with stat
INFO:werkzeug: * Restarting with stat
INFO:werkzeug: * Restarting with stat
INFO:werkzeug: * Restarting with stat
INFO:werkzeug: * Restarting with stat
INFO:werkzeug: * Restarting with stat
INFO:werkzeug: * Restarting with stat
INFO:werkzeug: * Restarting with stat
INFO:werkzeug: * Restarting with stat
INFO:werkzeug: * Restarting with stat
INFO:werkzeug: * Restarting with stat
INFO:werkzeug: * Restarting with stat
INFO:werkzeug: * Restarting with stat
INFO:werkzeug: * Restarting with stat
INFO:werkzeug: * Restarting with stat
INFO:werkzeug: * Restarting with stat
INFO:werkzeug: * Restarting with stat
INFO:werkzeug: * Restarting with stat
INFO:werkzeug: * Restarting with stat
INFO:werkzeug: * Restarting with stat
INFO:werkzeug: * Restarting with stat
INFO:werkzeug: * Restarting with stat
INFO:werkzeug: * Restarting with stat
INFO:werkzeug: * Restarting with stat
INFO:werkzeug: * Restarting with stat
INFO:werkzeug: * Restarting with stat
INFO:werkzeug: * Restarting with stat
INFO:werkzeug: * Restarting with stat
INFO:werkzeug: * Restarting with stat
INFO:werkzeug: * Restarting with stat
INFO:werkzeug: * Restarting with stat
INFO:werkzeug: * Restarting with stat
INFO:werkzeug: * Restarting with stat
INFO:werkzeug: * Restarting with stat
INFO:werkzeug: * Restarting with stat
INFO:werkzeug: * Restarting with stat
INFO:werkzeug: * Restarting with stat
INFO:werkzeug: * Restarting with stat
INFO:werkzeug: * Restarting with stat
INFO:werkzeug: * Restarting with stat
INFO:werkzeug: * Restarting with stat
INFO:werkzeug: * Restarting with stat
INFO:werkzeug: * Restarting with stat
INFO:werkzeug: * Restarting with stat
INFO:werkzeug: * Restarting with stat
INFO:werkzeug: * Restarting with stat
INFO:werkzeug: * Restarting with stat
INFO:werkzeug: * Restarting with stat
INFO:werkzeug: * Restarting with stat
INFO:werkzeug: * Restarting with stat
INFO:werkzeug:127.0.0.1 - - [08/Feb/2024 18:43:31] "OPTIONS /api/chat/message HTTP/1.1" 200 -
INFO:root:{'intent1': '', 'intent2': '', 'slot': '', 'user_text': 'ì•¼ ì•Œë ‰ìŠ¤'}
INFO:root:intent1=ì§€ë„
INFO:werkzeug:127.0.0.1 - - [08/Feb/2024 18:43:32] "POST /api/chat/message HTTP/1.1" 200 -
INFO:werkzeug:127.0.0.1 - - [08/Feb/2024 18:48:11] "OPTIONS /api/chat/message HTTP/1.1" 200 -
INFO:root:{'intent1': '', 'intent2': '', 'slot': '', 'user_text': 'ì•¼ ì•Œë ‰ìŠ¤'}
INFO:root:intent1=ì§€ë„
INFO:werkzeug:127.0.0.1 - - [08/Feb/2024 18:48:11] "POST /api/chat/message HTTP/1.1" 200 -
INFO:werkzeug:127.0.0.1 - - [08/Feb/2024 18:50:06] "OPTIONS /api/chat/message HTTP/1.1" 200 -
INFO:root:{'intent1': '', 'intent2': '', 'slot': '', 'user_text': 'ë³¸ê´€ì—ì„œ jê´€'}
INFO:root:intent1=ì§€ë„
INFO:werkzeug:127.0.0.1 - - [08/Feb/2024 18:50:06] "POST /api/chat/message HTTP/1.1" 200 -
INFO:werkzeug:127.0.0.1 - - [08/Feb/2024 18:50:28] "OPTIONS /api/chat/message HTTP/1.1" 200 -
INFO:root:{'intent1': '', 'intent2': '', 'slot': '', 'user_text': 'ë³¸ê´€ì—ì„œ jê´€'}
INFO:root:intent1=ì§€ë„
INFO:werkzeug:127.0.0.1 - - [08/Feb/2024 18:50:28] "POST /api/chat/message HTTP/1.1" 200 -
INFO:werkzeug:127.0.0.1 - - [08/Feb/2024 18:51:21] "OPTIONS /api/chat/message HTTP/1.1" 200 -
INFO:root:{'intent1': '', 'intent2': '', 'slot': '', 'user_text': 'ë‹¤ì‚°ì—ì„œ ì¼€ì´'}
INFO:root:intent1=ì§€ë„
INFO:werkzeug:127.0.0.1 - - [08/Feb/2024 18:51:21] "POST /api/chat/message HTTP/1.1" 200 -
INFO:werkzeug:127.0.0.1 - - [08/Feb/2024 20:08:40] "OPTIONS /api/chat/message HTTP/1.1" 200 -
INFO:root:{'intent1': '', 'intent2': '', 'slot': '', 'user_text': 'ë‹¤ì‚°ê´€ì—ì„œ ì œì´ê´€ ê¹Œì§€ ê°€ëŠ”ë²•ì„ ì•Œë ¤ì¤˜'}
INFO:root:intent1=ì§€ë„
INFO:werkzeug:127.0.0.1 - - [08/Feb/2024 20:08:40] "POST /api/chat/message HTTP/1.1" 200 -
INFO:werkzeug:127.0.0.1 - - [08/Feb/2024 20:10:13] "OPTIONS /api/chat/message HTTP/1.1" 200 -
INFO:root:{'intent1': 'ì§€ë„', 'intent2': 'ê¸¸ì°¾ê¸°', 'response_text': 'intent1=ì§€ë„ intent2=ê¸¸ì°¾ê¸° slot=', 'slot': '', 'user_text': 'í‰ì¼ ë¡œìšœë¼ ëª‡ì‹œë¶€í„° ëª‡ì‹œì•¼'}
INFO:root:intent1=ì§€ë„
INFO:werkzeug:127.0.0.1 - - [08/Feb/2024 20:10:13] "POST /api/chat/message HTTP/1.1" 200 -
