u___j관 어디야___u
i1___지도___1i
i2___건물 위치___2i
s___{'intent1': '지도', 'intent2': '건물 위치', 'status': 'normal', 'user_text': 'j관 어디야', 'location': 'j관', 'location_name': '정하상관', 'coordinate': {'latitude': 37.55030059814453, 'longitude': 126.94309997558594}, 'display_location_map': True, 'response_text': '정하상관의 위치를 보여드릴게요\n'}___s
r___정하상관의 위치를 보여드릴게요
___r
u___ j관 어디야___u
i1___지도___1i
i2___건물 위치___2i
s___{'coordinate': {'latitude': 37.55030059814453, 'longitude': 126.94309997558594}, 'intent1': '지도', 'intent2': '건물 위치', 'location': 'j관', 'location_name': '정하상관', 'response_text': 'no response made yet', 'status': 'normal', 'user_text': ' j관 어디야'}___s
r___no response made yet___r
u___j관 어디야___u
i1___지도___1i
i2___건물 위치___2i
s___{'intent1': '지도', 'intent2': '건물 위치', 'status': 'normal', 'user_text': 'j관 어디야', 'location': 'j관', 'response_text': 'no response made yet'}___s
r___no response made yet___r
u___j관 어디야___u
i1___지도___1i
i2___건물 위치___2i
s___{'intent1': '지도', 'intent2': '건물 위치', 'location': 'j관', 'response_text': 'no response made yet', 'status': 'normal', 'user_text': 'j관 어디야'}___s
r___no response made yet___r
u___소정민 교수님 알고리즘 강평___u
i1___강의___1i
i2___강의평가 요약___2i
s___{'intent1': '강의', 'intent2': '강의평가 요약', 'status': 'normal', 'user_text': '소정민 교수님 알고리즘 강평', 'professor': '소정민', 'course_keyword': '강평', 'response_text': '제대로 이해하지 못했습니다. 다시 말해주세요!'}___s
r___제대로 이해하지 못했습니다. 다시 말해주세요!___r
u___소정민 교수님 알고리즘 어때___u
i1___강의___1i
i2___강의평가 요약___2i
s___{'course_keyword': '알고리즘 어때', 'intent1': '강의', 'intent2': '강의평가 요약', 'professor': '소정민', 'response_text': '제대로 이해하지 못했습니다. 다시 말해주세요!', 'status': 'normal', 'user_text': '소정민 교수님 알고리즘 어때'}___s
r___제대로 이해하지 못했습니다. 다시 말해주세요!___r
u___소정민 교수님 알고리즘 어때___u
i1___강의___1i
i2___강의평가 요약___2i
s___{'course_keyword': '알고리즘 어때', 'intent1': '강의', 'intent2': '강의평가 요약', 'professor': '소정민', 'response_text': '제대로 이해하지 못했습니다. 다시 말해주세요!', 'status': 'normal', 'user_text': '소정민 교수님 알고리즘 어때'}___s
r___제대로 이해하지 못했습니다. 다시 말해주세요!___r
u___소정민 교수님 알고리즘 수업 어때___u
i1___강의___1i
i2___강의평가 요약___2i
s___{'course_keyword': '수업 어때', 'intent1': '강의', 'intent2': '강의평가 요약', 'professor': '소정민', 'response_text': '소정민 교수님의 알고리즘설계와분석 강의에 대한 강의 평가를 찾으시는군요!\n몇가지를 보여드릴게요\n# 1\n지금까지 본 컴공 교수님들중에 수업 제일 잘하심.\n1교시 수업인데다가 영어강의라 졸게 될줄 알았는데 진짜 열심히 듣게 된 수업이었음.\n조교님도 정말 친절하셨음. 짱짱\n\n# 2\n이러면 안되는데 교수님 수업 듣고 교수님 연구실 조교로 일하고 싶다는 생각 들 정도로 젠틀맨이셨습니다\n\n# 3\n교수님 강의력 정말 좋으십니다.\n\n저도 가르치는걸 좋아하고 많이 해본 입장으로서,\n교수님께서 강의내용을 세세하게 이해하고 계실 뿐만 아니라 그것을 어떻게 해야 학생들에게 쉽게 전달할지 수없이 고민하신게 보이고, 난해한 개념을 곱씹어서 상대방이 이해하기 쉽게 설명하는 것 자체를 좋아하시는 참교육자이신게 매 수업 느껴졌습니다.\n\n설명을 워낙 잘하셔서 신기하게 수업시간도 매번 빨리 지나가는 것 같았어요. 다른 수업은 시계를 볼때마다 5분정도 지났다면 소정민 교수님은 15~20분씩 훽훽 지나갔습니다. 그리고 첫 수업때 집중력을 위해 중간에 5분씩 쉬게해준다고 하시는데, 진도가 늦더라도 이 약속은 끝까지 꼭 지켜주시는게 감동이었습니다. \n\n마지막으로 교수님 진짜 웃겨요. 강의실 전체가 빵터진게 한두번이 아니었습니다 ㅋㅋ 다른 수업들을 소정민 교수님께 못 들은게 아쉬울 따름입니다.\n\n', 'status': 'normal', 'user_text': '소정민 교수님 알고리즘 수업 어때', 'course': '알고리즘'}___s
r___소정민 교수님의 알고리즘설계와분석 강의에 대한 강의 평가를 찾으시는군요!
몇가지를 보여드릴게요
# 1
지금까지 본 컴공 교수님들중에 수업 제일 잘하심.
1교시 수업인데다가 영어강의라 졸게 될줄 알았는데 진짜 열심히 듣게 된 수업이었음.
조교님도 정말 친절하셨음. 짱짱

# 2
이러면 안되는데 교수님 수업 듣고 교수님 연구실 조교로 일하고 싶다는 생각 들 정도로 젠틀맨이셨습니다

# 3
교수님 강의력 정말 좋으십니다.

저도 가르치는걸 좋아하고 많이 해본 입장으로서,
교수님께서 강의내용을 세세하게 이해하고 계실 뿐만 아니라 그것을 어떻게 해야 학생들에게 쉽게 전달할지 수없이 고민하신게 보이고, 난해한 개념을 곱씹어서 상대방이 이해하기 쉽게 설명하는 것 자체를 좋아하시는 참교육자이신게 매 수업 느껴졌습니다.

설명을 워낙 잘하셔서 신기하게 수업시간도 매번 빨리 지나가는 것 같았어요. 다른 수업은 시계를 볼때마다 5분정도 지났다면 소정민 교수님은 15~20분씩 훽훽 지나갔습니다. 그리고 첫 수업때 집중력을 위해 중간에 5분씩 쉬게해준다고 하시는데, 진도가 늦더라도 이 약속은 끝까지 꼭 지켜주시는게 감동이었습니다. 

마지막으로 교수님 진짜 웃겨요. 강의실 전체가 빵터진게 한두번이 아니었습니다 ㅋㅋ 다른 수업들을 소정민 교수님께 못 들은게 아쉬울 따름입니다.

___r
u___소정민 교수님 알고리즘 언제야___u
i1___강의___1i
i2___특정 수업의 수업시간 및 장소___2i
s___{'course': '알고리즘', 'course_keyword': '언제야', 'intent1': '강의', 'intent2': '특정 수업의 수업시간 및 장소', 'professor': '소정민', 'response_text': '이번 학기에 소정민 교수님의 알고리즘설계와분석 수업에 대한 정보가 없습니다!\n', 'status': 'normal', 'user_text': '소정민 교수님 알고리즘 언제야'}___s
r___이번 학기에 소정민 교수님의 알고리즘설계와분석 수업에 대한 정보가 없습니다!
___r
u___소정민 교수님 네트워크 언제야___u
i1___강의___1i
i2___특정 수업의 수업시간 및 장소___2i
s___{'course': '네트워크', 'course_keyword': '언제야', 'intent1': '강의', 'intent2': '특정 수업의 수업시간 및 장소', 'professor': '소정민', 'response_text': '소정민 교수님의 컴퓨터네트워크 수업에 대한 정보를 보여드리겠습니다!\n1.\n컴퓨터네트워크(CSE4175) (소정민)\n학점: 3.0\n수업시간: 화,목 15:00~16:15 [R404]\n권장학년: 4학년\n', 'status': 'normal', 'user_text': '소정민 교수님 네트워크 언제야'}___s
r___소정민 교수님의 컴퓨터네트워크 수업에 대한 정보를 보여드리겠습니다!
1.
컴퓨터네트워크(CSE4175) (소정민)
학점: 3.0
수업시간: 화,목 15:00~16:15 [R404]
권장학년: 4학년
___r
u___소정민 교수님 네트워크 언제야___u
i1___강의___1i
i2___특정 수업의 수업시간 및 장소___2i
s___{'course': '네트워크', 'course_keyword': '언제야', 'intent1': '강의', 'intent2': '특정 수업의 수업시간 및 장소', 'professor': '소정민', 'response_text': '소정민 교수님의 컴퓨터네트워크 수업에 대한 정보를 보여드리겠습니다!\n1.\n컴퓨터네트워크(CSE4175) (소정민)\n학점: 3.0\n수업시간: 화,목 15:00~16:15 [R404]\n권장학년: 4학년\n', 'status': 'normal', 'user_text': '소정민 교수님 네트워크 언제야'}___s
r___소정민 교수님의 컴퓨터네트워크 수업에 대한 정보를 보여드리겠습니다!
1.
컴퓨터네트워크(CSE4175) (소정민)
학점: 3.0
수업시간: 화,목 15:00~16:15 [R404]
권장학년: 4학년
___r
u___소정민 교수님 네트워크 언제야___u
i1___강의___1i
i2___특정 수업의 수업시간 및 장소___2i
s___{'course': '네트워크', 'course_keyword': '언제야', 'intent1': '강의', 'intent2': '특정 수업의 수업시간 및 장소', 'professor': '소정민', 'response_text': '소정민 교수님의 컴퓨터네트워크 수업에 대한 정보를 보여드리겠습니다!\n1.\n컴퓨터네트워크(CSE4175) (소정민)\n학점: 3.0\n수업시간: 화,목 15:00~16:15 [R404]\n권장학년: 4학년\n', 'status': 'normal', 'user_text': '소정민 교수님 네트워크 언제야'}___s
r___소정민 교수님의 컴퓨터네트워크 수업에 대한 정보를 보여드리겠습니다!
1.
컴퓨터네트워크(CSE4175) (소정민)
학점: 3.0
수업시간: 화,목 15:00~16:15 [R404]
권장학년: 4학년
___r
u___소정민 교수님 언제야___u
i1___강의___1i
i2___특정 수업의 수업시간 및 장소___2i
s___{'intent1': '강의', 'intent2': '특정 수업의 수업시간 및 장소', 'status': 'normal', 'user_text': '소정민 교수님 언제야', 'professor': '소정민', 'course_keyword': '언제야', 'response_text': '교수님과 수업 이름을 제대로 인식하지 못했습니다. 다시 말해주세요!\n'}___s
r___교수님과 수업 이름을 제대로 인식하지 못했습니다. 다시 말해주세요!
___r
u___소정민 교수님 수업 다 말해줘___u
i1___강의___1i
i2___강의평가 요약___2i
s___{'course_keyword': '수업 다 말해줘', 'intent1': '강의', 'intent2': '강의평가 요약', 'professor': '소정민', 'response_text': '제대로 이해하지 못했습니다. 다시 말해주세요!', 'status': 'normal', 'user_text': '소정민 교수님 수업 다 말해줘'}___s
r___제대로 이해하지 못했습니다. 다시 말해주세요!___r
u___소정민 교수님 수업 다 언제야___u
i1___강의___1i
i2___특정 수업의 수업시간 및 장소___2i
s___{'course_keyword': '다', 'intent1': '강의', 'intent2': '특정 수업의 수업시간 및 장소', 'professor': '소정민', 'response_text': '교수님과 수업 이름을 제대로 인식하지 못했습니다. 다시 말해주세요!\n', 'status': 'normal', 'user_text': '소정민 교수님 수업 다 언제야'}___s
r___교수님과 수업 이름을 제대로 인식하지 못했습니다. 다시 말해주세요!
___r
u___소정민 교수님 수업 다 언제야___u
i1___강의___1i
i2___특정 수업의 수업시간 및 장소___2i
s___{'course_keyword': '다', 'intent1': '강의', 'intent2': '특정 수업의 수업시간 및 장소', 'professor': '소정민', 'response_text': '교수님과 수업 이름을 제대로 인식하지 못했습니다. 다시 말해주세요!\n', 'status': 'normal', 'user_text': '소정민 교수님 수업 다 언제야'}___s
r___교수님과 수업 이름을 제대로 인식하지 못했습니다. 다시 말해주세요!
___r
u___소정민 교수님 수업 다 언제야___u
i1___강의___1i
i2___특정 수업의 수업시간 및 장소___2i
s___{'course_keyword': '다', 'intent1': '강의', 'intent2': '특정 수업의 수업시간 및 장소', 'professor': '소정민', 'response_text': '교수님과 수업 이름을 제대로 인식하지 못했습니다. 다시 말해주세요!\n', 'status': 'normal', 'user_text': '소정민 교수님 수업 다 언제야'}___s
r___교수님과 수업 이름을 제대로 인식하지 못했습니다. 다시 말해주세요!
___r
u___소정민 교수님 수업 다 언제야___u
i1___강의___1i
i2___특정 수업의 수업시간 및 장소___2i
s___{'course_keyword': '다', 'intent1': '강의', 'intent2': '특정 수업의 수업시간 및 장소', 'professor': '소정민', 'response_text': '교수님과 수업 이름을 제대로 인식하지 못했습니다. 다시 말해주세요!\n', 'status': 'normal', 'user_text': '소정민 교수님 수업 다 언제야'}___s
r___교수님과 수업 이름을 제대로 인식하지 못했습니다. 다시 말해주세요!
___r
u___소정민 교수님 수업 다 언제야___u
i1___강의___1i
i2___특정 수업의 수업시간 및 장소___2i
s___{'course_keyword': '다', 'intent1': '강의', 'intent2': '특정 수업의 수업시간 및 장소', 'professor': '소정민', 'response_text': '교수님과 수업 이름을 제대로 인식하지 못했습니다. 다시 말해주세요!\n', 'status': 'normal', 'user_text': '소정민 교수님 수업 다 언제야'}___s
r___교수님과 수업 이름을 제대로 인식하지 못했습니다. 다시 말해주세요!
___r
u___소정민 교수님 수업 다 언제야___u
i1___강의___1i
i2___특정 수업의 수업시간 및 장소___2i
s___{'course_keyword': '다', 'intent1': '강의', 'intent2': '특정 수업의 수업시간 및 장소', 'professor': '소정민', 'response_text': '교수님과 수업 이름을 제대로 인식하지 못했습니다. 다시 말해주세요!\n', 'status': 'normal', 'user_text': '소정민 교수님 수업 다 언제야'}___s
r___교수님과 수업 이름을 제대로 인식하지 못했습니다. 다시 말해주세요!
___r
u___소정민 교수님 수업 다 언제야___u
i1___강의___1i
i2___특정 수업의 수업시간 및 장소___2i
s___{'course_keyword': '다', 'intent1': '강의', 'intent2': '특정 수업의 수업시간 및 장소', 'professor': '소정민', 'response_text': 'no response made yet', 'status': 'normal', 'user_text': '소정민 교수님 수업 다 언제야'}___s
r___no response made yet___r
u___소정민 알고리즘 강평___u
i1___강의___1i
i2___강의평가 요약___2i
s___{'intent1': '강의', 'intent2': '강의평가 요약', 'status': 'normal', 'user_text': '소정민 알고리즘 강평', 'professor': '소정민', 'course': '알고리즘', 'course_keyword': '강평', 'response_text': '소정민 교수님의 알고리즘설계와분석 강의에 대한 강의 평가를 찾으시는군요!\n몇가지를 보여드릴게요\n# 1\n킹갓제네럴엠페러충무공마제스티하이퍼울트라판타스틱익스트림지니어스화룡정점마스터대황 소정민 교수님 감사합니다\n\n# 2\n다좋은데 조교가 너무 짜증남 개설교과목 정보에서 조교도 좀 알려주면 좋겠음\n강의계획서 잘살펴야지\n\n# 3\n기말 복기한거 서담 족보실에 올렸으니 잘 공부해보세요. 중간고사는 족보랑 비슷한듯 다른데 족보랑 범위 좀 다르니까 알아서 잘 공부해보세요. 지금까지 소정민 교수님 수업을 3번째 듣는 4학년이라 대충 공부해도 성적이 잘 나와서 더이상 뭐라고 조언해줄 수가 없어요. 미안해요. 그래도 강의력은 최고니까 꼭 거르지 말고 들어봐요!\n\n'}___s
r___소정민 교수님의 알고리즘설계와분석 강의에 대한 강의 평가를 찾으시는군요!
몇가지를 보여드릴게요
# 1
킹갓제네럴엠페러충무공마제스티하이퍼울트라판타스틱익스트림지니어스화룡정점마스터대황 소정민 교수님 감사합니다

# 2
다좋은데 조교가 너무 짜증남 개설교과목 정보에서 조교도 좀 알려주면 좋겠음
강의계획서 잘살펴야지

# 3
기말 복기한거 서담 족보실에 올렸으니 잘 공부해보세요. 중간고사는 족보랑 비슷한듯 다른데 족보랑 범위 좀 다르니까 알아서 잘 공부해보세요. 지금까지 소정민 교수님 수업을 3번째 듣는 4학년이라 대충 공부해도 성적이 잘 나와서 더이상 뭐라고 조언해줄 수가 없어요. 미안해요. 그래도 강의력은 최고니까 꼭 거르지 말고 들어봐요!

___r
u___소정민 알고리즘 평가___u
i1___강의___1i
i2___강의평가 요약___2i
s___{'intent1': '강의', 'intent2': '강의평가 요약', 'status': 'normal', 'user_text': '소정민 알고리즘 평가', 'professor': '소정민', 'course': '알고리즘', 'course_keyword': '평가', 'response_text': '소정민 교수님의 알고리즘설계와분석 강의에 대한 강의 평가를 찾으시는군요!\n몇가지를 보여드릴게요\n# 1\n킹갓제네럴엠페러충무공마제스티하이퍼울트라판타스틱익스트림지니어스화룡정점마스터대황 소정민 교수님 감사합니다\n\n# 2\n과제 임인성교수님에 비해 쉬운 편이고 채점고 정말 널날하게 하십니다 수업도 열정적으로 하시고 무엇보다 성적을 잘주십니다\n1교시인것만 빼면 최고입니다\n\n# 3\n과제가 세 번 있다.\n\n첫 번째 과제는 2차원 배열의 최대 부분합을 naive하게 구현, prefix-sum 방식으로 구현, dp로 구현하는 거였다. DP를 기말 범위에 배우는데 1차원 배열에서 최대 부분합 구하는 방법만 알려주시고 2차원 배열에서 구현하라 하니 머리가 터졌다.. 대학 와서 해본 과제 중 무력감을 느낀 유일한 과제였음. 그러나 인터넷에 참고할 만한 자료가 매우 많고 카피 체크는 자비롭기 때문에 인터넷을 참고하여 이해한 후 코딩해 보시면 쉽게 푸실 수 있을 거라 생각한다.\n\n두 번째 과제부터는 과제의 상대평가가 시작됐다. 알고리즘의 성능을 바탕으로 4구간으로 쪼개 점수를 차등적으로 부여한다. 이 과제는 나만의 정렬 알고리즘 만들기였는데 상대평가 기준은 알고리즘 속도였다. 수업시간에 나온 introsort를 구현해서 100점 맞은 걸 보면 그게 정석적으로 빠른 알고리즘인 듯하다. 같이 듣는 친구는 오기가 생긴다고 16진수 기수정렬인가로 구현했는데 그 친구도 100점을 받긴 했었던 걸로 기억한다.\n\n세 번째 과제는 허프만 압축 알고리즘으로 텍스트 압축/decompress 프로그램을 만드는 거였는데 상대평가 기준은 압축률이었다. 텍스트 파일의 한 바이트가 0011, 11, 01, ••• 같이 컴퓨터로 바로 표현할 수 없는 비트열로 변형되어야 하는데, 여러분은 이걸 그냥 텍스트 파일에 “0011”처럼 쓰면 안 되고, 8비트가 모이면 1바이트를 찍어내고 파일 전체를 압축한 것이 1바이트 단위로 떨어지지 않는다면 뒤에 패딩을 추가하는 식으로 비트 단위의 조작 연산을 수행해야 한다. 또한 압축한 걸 다시 복원하기 위해서 압축할 때 파일 안에 부호화 정보를 임베딩해야 한다. 모든 게 학생 재량이고 오직 압축률 및 복원이 잘 되는지의 여부로 평가가 이루어지기 때문에 상당수의 학생들이 폐사당했다. 아마 비트 단위의 조작이 익숙하지 않아서 그랬던 것 같은데 이 과목에서 해두면 소정민 교수님이 개설하는 컴퓨터네트워크 과목의 과제도 수월하게 할 수 있을 것이다. 거기서도 똑같이 비트 단위로 데이터 조작하는 과제가 나온다. 아울러 교수님께서 과제를 cpp로 작성하게 해주시는데 여러분은 bitset과 fstream 라이브러리를 활용해 본인처럼 c언어 문법으로 박치기하는 불상사가 없도록 하자.\n\n중간고사 문제는 족보처럼 나오고, 기말고사 문제는 하도 배운 알고리즘이 많아서 그런지 이론은 없고 주어진 데이터에 특정 알고리즘을 적용하고 시간 복잡도를 서술하는 응용 문제로만 시험지를 꽉 채웠다. 레드블랙트리 알고리즘도 나오는데 그건 코드를 외울 필요 없이 별지에 수도 코드를 제공해 주셨다. 기말고사 문제는 본인이 서담에 ”소정민 교수님 살려주세요“라는 제목으로 올린 글 댓글에다가 시험 패망한 직후 8~90% 정도를 복기해 놓았으니 보면 도움이 될 것이라 생각한다.\n\n교수님께서는 인품이 좋으시고, 시험 문제도 물어볼 만한 것을 내시며 과제 또한 ‘낼 만한 것’을 내신다. 그러나 치명적인 단점은 진도가 너무 빠르고 양이 많다는 것이다.. 현재처럼 암기를 과하게 요구하지 않고 알고리즘의 절차에 대한 이해만 묻는 식으로 시험 문제가 출제된다면 문제가 없지만 암기식으로 돌변할 경우 별점 값을 못 하는 과목이 될 수도 있다. 족보를 과신하진 말자.\n\n'}___s
r___소정민 교수님의 알고리즘설계와분석 강의에 대한 강의 평가를 찾으시는군요!
몇가지를 보여드릴게요
# 1
킹갓제네럴엠페러충무공마제스티하이퍼울트라판타스틱익스트림지니어스화룡정점마스터대황 소정민 교수님 감사합니다

# 2
과제 임인성교수님에 비해 쉬운 편이고 채점고 정말 널날하게 하십니다 수업도 열정적으로 하시고 무엇보다 성적을 잘주십니다
1교시인것만 빼면 최고입니다

# 3
과제가 세 번 있다.

첫 번째 과제는 2차원 배열의 최대 부분합을 naive하게 구현, prefix-sum 방식으로 구현, dp로 구현하는 거였다. DP를 기말 범위에 배우는데 1차원 배열에서 최대 부분합 구하는 방법만 알려주시고 2차원 배열에서 구현하라 하니 머리가 터졌다.. 대학 와서 해본 과제 중 무력감을 느낀 유일한 과제였음. 그러나 인터넷에 참고할 만한 자료가 매우 많고 카피 체크는 자비롭기 때문에 인터넷을 참고하여 이해한 후 코딩해 보시면 쉽게 푸실 수 있을 거라 생각한다.

두 번째 과제부터는 과제의 상대평가가 시작됐다. 알고리즘의 성능을 바탕으로 4구간으로 쪼개 점수를 차등적으로 부여한다. 이 과제는 나만의 정렬 알고리즘 만들기였는데 상대평가 기준은 알고리즘 속도였다. 수업시간에 나온 introsort를 구현해서 100점 맞은 걸 보면 그게 정석적으로 빠른 알고리즘인 듯하다. 같이 듣는 친구는 오기가 생긴다고 16진수 기수정렬인가로 구현했는데 그 친구도 100점을 받긴 했었던 걸로 기억한다.

세 번째 과제는 허프만 압축 알고리즘으로 텍스트 압축/decompress 프로그램을 만드는 거였는데 상대평가 기준은 압축률이었다. 텍스트 파일의 한 바이트가 0011, 11, 01, ••• 같이 컴퓨터로 바로 표현할 수 없는 비트열로 변형되어야 하는데, 여러분은 이걸 그냥 텍스트 파일에 “0011”처럼 쓰면 안 되고, 8비트가 모이면 1바이트를 찍어내고 파일 전체를 압축한 것이 1바이트 단위로 떨어지지 않는다면 뒤에 패딩을 추가하는 식으로 비트 단위의 조작 연산을 수행해야 한다. 또한 압축한 걸 다시 복원하기 위해서 압축할 때 파일 안에 부호화 정보를 임베딩해야 한다. 모든 게 학생 재량이고 오직 압축률 및 복원이 잘 되는지의 여부로 평가가 이루어지기 때문에 상당수의 학생들이 폐사당했다. 아마 비트 단위의 조작이 익숙하지 않아서 그랬던 것 같은데 이 과목에서 해두면 소정민 교수님이 개설하는 컴퓨터네트워크 과목의 과제도 수월하게 할 수 있을 것이다. 거기서도 똑같이 비트 단위로 데이터 조작하는 과제가 나온다. 아울러 교수님께서 과제를 cpp로 작성하게 해주시는데 여러분은 bitset과 fstream 라이브러리를 활용해 본인처럼 c언어 문법으로 박치기하는 불상사가 없도록 하자.

중간고사 문제는 족보처럼 나오고, 기말고사 문제는 하도 배운 알고리즘이 많아서 그런지 이론은 없고 주어진 데이터에 특정 알고리즘을 적용하고 시간 복잡도를 서술하는 응용 문제로만 시험지를 꽉 채웠다. 레드블랙트리 알고리즘도 나오는데 그건 코드를 외울 필요 없이 별지에 수도 코드를 제공해 주셨다. 기말고사 문제는 본인이 서담에 ”소정민 교수님 살려주세요“라는 제목으로 올린 글 댓글에다가 시험 패망한 직후 8~90% 정도를 복기해 놓았으니 보면 도움이 될 것이라 생각한다.

교수님께서는 인품이 좋으시고, 시험 문제도 물어볼 만한 것을 내시며 과제 또한 ‘낼 만한 것’을 내신다. 그러나 치명적인 단점은 진도가 너무 빠르고 양이 많다는 것이다.. 현재처럼 암기를 과하게 요구하지 않고 알고리즘의 절차에 대한 이해만 묻는 식으로 시험 문제가 출제된다면 문제가 없지만 암기식으로 돌변할 경우 별점 값을 못 하는 과목이 될 수도 있다. 족보를 과신하진 말자.

___r
u___소정민 알고리즘 강의평가 뭐야___u
i1___강의___1i
i2___강의평가 요약___2i
s___{'intent1': '강의', 'intent2': '강의평가 요약', 'status': 'normal', 'user_text': '소정민 알고리즘 강의평가 뭐야', 'professor': '소정민', 'course': '알고리즘', 'course_keyword': '강의평가 뭐야', 'response_text': '소정민 교수님의 알고리즘설계와분석 강의에 대한 강의 평가를 찾으시는군요!\n몇가지를 보여드릴게요\n# 1\n다좋은데 조교가 너무 짜증남 개설교과목 정보에서 조교도 좀 알려주면 좋겠음\n강의계획서 잘살펴야지\n\n# 2\n과제 임인성교수님에 비해 쉬운 편이고 채점고 정말 널날하게 하십니다 수업도 열정적으로 하시고 무엇보다 성적을 잘주십니다\n1교시인것만 빼면 최고입니다\n\n# 3\n교수님 강의 자체는 완벽. 흠잡을 부분이 거의 없는 훌륭한 수업이다. 과제가 이미 다른 사람이 설명하였듯이 3가지 있고, 개인적으로는 과제 3 이 상당히 어려웠다. 시험이 문제인데, 수업을 들으면 알겠지만 문제를 낼 부분이 꽤 뻔하다. 그리고 이걸 난위도 있게 내기가 어려워 교수님이 선택한 변별력을 내는 방법이 계산속도인것 같다.  중간고사는 코드를 외우는 문제가 몇개 있고 알고리즘 로직을 알면 무난한 편. 하지만 기말시험 시간이 상당히 빡빡하다. 문제가 10개로 상대적으로 많은 편이며, 각 문제 당 짜잘한 계산을 해서 표를 채우거나 iteration을 해서 그림을 그리는 문제들이 대부분이다. 계산기를 쓰지 못하게 하기 때문에 이런 문제들이 시간을 많이 잡아먹고, 계산이 느리면 본인처럼 시험을 다 못 풀 수 있다.\n\n'}___s
r___소정민 교수님의 알고리즘설계와분석 강의에 대한 강의 평가를 찾으시는군요!
몇가지를 보여드릴게요
# 1
다좋은데 조교가 너무 짜증남 개설교과목 정보에서 조교도 좀 알려주면 좋겠음
강의계획서 잘살펴야지

# 2
과제 임인성교수님에 비해 쉬운 편이고 채점고 정말 널날하게 하십니다 수업도 열정적으로 하시고 무엇보다 성적을 잘주십니다
1교시인것만 빼면 최고입니다

# 3
교수님 강의 자체는 완벽. 흠잡을 부분이 거의 없는 훌륭한 수업이다. 과제가 이미 다른 사람이 설명하였듯이 3가지 있고, 개인적으로는 과제 3 이 상당히 어려웠다. 시험이 문제인데, 수업을 들으면 알겠지만 문제를 낼 부분이 꽤 뻔하다. 그리고 이걸 난위도 있게 내기가 어려워 교수님이 선택한 변별력을 내는 방법이 계산속도인것 같다.  중간고사는 코드를 외우는 문제가 몇개 있고 알고리즘 로직을 알면 무난한 편. 하지만 기말시험 시간이 상당히 빡빡하다. 문제가 10개로 상대적으로 많은 편이며, 각 문제 당 짜잘한 계산을 해서 표를 채우거나 iteration을 해서 그림을 그리는 문제들이 대부분이다. 계산기를 쓰지 못하게 하기 때문에 이런 문제들이 시간을 많이 잡아먹고, 계산이 느리면 본인처럼 시험을 다 못 풀 수 있다.

___r
u___소정민 알고___u
i1___학교관련서비스___1i
i2___학생복지___2i
s___{'intent1': '학교관련서비스', 'intent2': '학생복지', 'status': 'normal', 'user_text': '소정민 알고', 'professor': '소정민', 'response_text': 'no response made yet'}___s
r___no response made yet___r
u___소정민 알고 강평___u
i1___강의___1i
i2___강의평가 요약___2i
s___{'intent1': '강의', 'intent2': '강의평가 요약', 'professor': '소정민', 'response_text': 'error', 'status': 'normal', 'user_text': '소정민 알고 강평', 'course_keyword': '강평'}___s
r___error___r
u___ 소정민 알고 강평___u
i1___강의___1i
i2___강의평가 요약___2i
s___{'course_keyword': '강평', 'intent1': '강의', 'intent2': '강의평가 요약', 'professor': '소정민', 'response_text': '다시 한번 말해주실 수 있나요? 이해하지 못했습니다.\n    ', 'status': 'normal', 'user_text': ' 소정민 알고 강평'}___s
r___다시 한번 말해주실 수 있나요? 이해하지 못했습니다.
    ___r
u___소정민 알고 강평___u
i1___강의___1i
i2___강의평가 요약___2i
s___{'course_keyword': '강평', 'intent1': '강의', 'intent2': '강의평가 요약', 'professor': '소정민', 'response_text': '죄송합니다. 무슨 말을 하는지 모르겠습니다. 다시 말해주세요..!\n    ', 'status': 'normal', 'user_text': '소정민 알고 강평'}___s
r___죄송합니다. 무슨 말을 하는지 모르겠습니다. 다시 말해주세요..!
    ___r
u___소정민 알고 강평___u
i1___강의___1i
i2___강의평가 요약___2i
s___{'course_keyword': '강평', 'intent1': '강의', 'intent2': '강의평가 요약', 'professor': '소정민', 'response_text': '죄송합니다. 무슨 말을 하는지 모르겠습니다. 다시 말해주세요..!\n    ', 'status': 'normal', 'user_text': '소정민 알고 강평'}___s
r___죄송합니다. 무슨 말을 하는지 모르겠습니다. 다시 말해주세요..!
    ___r
u___소정민 알고 강평___u
i1___강의___1i
i2___강의평가 요약___2i
s___{'course_keyword': '강평', 'intent1': '강의', 'intent2': '강의평가 요약', 'professor': '소정민', 'response_text': '죄송합니다. 무슨 말을 하는지 모르겠습니다. 다시 말해주세요..!\n    ', 'status': 'normal', 'user_text': '소정민 알고 강평'}___s
r___죄송합니다. 무슨 말을 하는지 모르겠습니다. 다시 말해주세요..!
    ___r
u___소정민 알고 강평___u
i1___강의___1i
i2___강의평가 요약___2i
s___{'course_keyword': '강평', 'intent1': '강의', 'intent2': '강의평가 요약', 'professor': '소정민', 'response_text': '다시 한번 말해주실 수 있나요? 이해하지 못했습니다.\n    ', 'status': 'normal', 'user_text': '소정민 알고 강평'}___s
r___다시 한번 말해주실 수 있나요? 이해하지 못했습니다.
    ___r
u___소정민 알고 강평___u
i1___강의___1i
i2___강의평가 요약___2i
s___{'course_keyword': '강평', 'intent1': '강의', 'intent2': '강의평가 요약', 'professor': '소정민', 'response_text': '제대로 이해하지 못했습니다. 다시 말해주세요!\n    ', 'status': 'normal', 'user_text': '소정민 알고 강평'}___s
r___제대로 이해하지 못했습니다. 다시 말해주세요!
    ___r
u___소정민 알고 강평___u
i1___강의___1i
i2___강의평가 요약___2i
s___{'course_keyword': '강평', 'intent1': '강의', 'intent2': '강의평가 요약', 'professor': '소정민', 'response_text': '다시 한번 말해주실 수 있나요? 이해하지 못했습니다.\n    ', 'status': 'normal', 'user_text': '소정민 알고 강평'}___s
r___다시 한번 말해주실 수 있나요? 이해하지 못했습니다.
    ___r
u___소정민 알고리즘 강의평가___u
i1___강의___1i
i2___강의평가 요약___2i
s___{'intent1': '강의', 'intent2': '강의평가 요약', 'status': 'normal', 'user_text': '소정민 알고리즘 강의평가', 'professor': '소정민', 'course': '알고리즘', 'course_keyword': '강의평가', 'response_text': 'error# 1\n과제 임인성교수님에 비해 쉬운 편이고 채점고 정말 널날하게 하십니다 수업도 열정적으로 하시고 무엇보다 성적을 잘주십니다\n1교시인것만 빼면 최고입니다\n\n# 2\n교수님 강의 자체는 완벽. 흠잡을 부분이 거의 없는 훌륭한 수업이다. 과제가 이미 다른 사람이 설명하였듯이 3가지 있고, 개인적으로는 과제 3 이 상당히 어려웠다. 시험이 문제인데, 수업을 들으면 알겠지만 문제를 낼 부분이 꽤 뻔하다. 그리고 이걸 난위도 있게 내기가 어려워 교수님이 선택한 변별력을 내는 방법이 계산속도인것 같다.  중간고사는 코드를 외우는 문제가 몇개 있고 알고리즘 로직을 알면 무난한 편. 하지만 기말시험 시간이 상당히 빡빡하다. 문제가 10개로 상대적으로 많은 편이며, 각 문제 당 짜잘한 계산을 해서 표를 채우거나 iteration을 해서 그림을 그리는 문제들이 대부분이다. 계산기를 쓰지 못하게 하기 때문에 이런 문제들이 시간을 많이 잡아먹고, 계산이 느리면 본인처럼 시험을 다 못 풀 수 있다.\n\n# 3\n다좋은데 조교가 너무 짜증남 개설교과목 정보에서 조교도 좀 알려주면 좋겠음\n강의계획서 잘살펴야지\n\n'}___s
r___error# 1
과제 임인성교수님에 비해 쉬운 편이고 채점고 정말 널날하게 하십니다 수업도 열정적으로 하시고 무엇보다 성적을 잘주십니다
1교시인것만 빼면 최고입니다

# 2
교수님 강의 자체는 완벽. 흠잡을 부분이 거의 없는 훌륭한 수업이다. 과제가 이미 다른 사람이 설명하였듯이 3가지 있고, 개인적으로는 과제 3 이 상당히 어려웠다. 시험이 문제인데, 수업을 들으면 알겠지만 문제를 낼 부분이 꽤 뻔하다. 그리고 이걸 난위도 있게 내기가 어려워 교수님이 선택한 변별력을 내는 방법이 계산속도인것 같다.  중간고사는 코드를 외우는 문제가 몇개 있고 알고리즘 로직을 알면 무난한 편. 하지만 기말시험 시간이 상당히 빡빡하다. 문제가 10개로 상대적으로 많은 편이며, 각 문제 당 짜잘한 계산을 해서 표를 채우거나 iteration을 해서 그림을 그리는 문제들이 대부분이다. 계산기를 쓰지 못하게 하기 때문에 이런 문제들이 시간을 많이 잡아먹고, 계산이 느리면 본인처럼 시험을 다 못 풀 수 있다.

# 3
다좋은데 조교가 너무 짜증남 개설교과목 정보에서 조교도 좀 알려주면 좋겠음
강의계획서 잘살펴야지

___r
u___소정민 알고리즘 강의평가___u
i1___강의___1i
i2___강의평가 요약___2i
s___{'course': '알고리즘', 'course_keyword': '강의평가', 'intent1': '강의', 'intent2': '강의평가 요약', 'professor': '소정민', 'response_text': 'error# 1\n과제 임인성교수님에 비해 쉬운 편이고 채점고 정말 널날하게 하십니다 수업도 열정적으로 하시고 무엇보다 성적을 잘주십니다\n1교시인것만 빼면 최고입니다\n\n# 2\n교수님 강의 자체는 완벽. 흠잡을 부분이 거의 없는 훌륭한 수업이다. 과제가 이미 다른 사람이 설명하였듯이 3가지 있고, 개인적으로는 과제 3 이 상당히 어려웠다. 시험이 문제인데, 수업을 들으면 알겠지만 문제를 낼 부분이 꽤 뻔하다. 그리고 이걸 난위도 있게 내기가 어려워 교수님이 선택한 변별력을 내는 방법이 계산속도인것 같다.  중간고사는 코드를 외우는 문제가 몇개 있고 알고리즘 로직을 알면 무난한 편. 하지만 기말시험 시간이 상당히 빡빡하다. 문제가 10개로 상대적으로 많은 편이며, 각 문제 당 짜잘한 계산을 해서 표를 채우거나 iteration을 해서 그림을 그리는 문제들이 대부분이다. 계산기를 쓰지 못하게 하기 때문에 이런 문제들이 시간을 많이 잡아먹고, 계산이 느리면 본인처럼 시험을 다 못 풀 수 있다.\n\n# 3\n다좋은데 조교가 너무 짜증남 개설교과목 정보에서 조교도 좀 알려주면 좋겠음\n강의계획서 잘살펴야지\n\n', 'status': 'normal', 'user_text': '소정민 알고리즘 강의평가'}___s
r___error# 1
과제 임인성교수님에 비해 쉬운 편이고 채점고 정말 널날하게 하십니다 수업도 열정적으로 하시고 무엇보다 성적을 잘주십니다
1교시인것만 빼면 최고입니다

# 2
교수님 강의 자체는 완벽. 흠잡을 부분이 거의 없는 훌륭한 수업이다. 과제가 이미 다른 사람이 설명하였듯이 3가지 있고, 개인적으로는 과제 3 이 상당히 어려웠다. 시험이 문제인데, 수업을 들으면 알겠지만 문제를 낼 부분이 꽤 뻔하다. 그리고 이걸 난위도 있게 내기가 어려워 교수님이 선택한 변별력을 내는 방법이 계산속도인것 같다.  중간고사는 코드를 외우는 문제가 몇개 있고 알고리즘 로직을 알면 무난한 편. 하지만 기말시험 시간이 상당히 빡빡하다. 문제가 10개로 상대적으로 많은 편이며, 각 문제 당 짜잘한 계산을 해서 표를 채우거나 iteration을 해서 그림을 그리는 문제들이 대부분이다. 계산기를 쓰지 못하게 하기 때문에 이런 문제들이 시간을 많이 잡아먹고, 계산이 느리면 본인처럼 시험을 다 못 풀 수 있다.

# 3
다좋은데 조교가 너무 짜증남 개설교과목 정보에서 조교도 좀 알려주면 좋겠음
강의계획서 잘살펴야지

___r
u___소정민 알고리즘 강의평가___u
i1___강의___1i
i2___강의평가 요약___2i
s___{'course': '알고리즘', 'course_keyword': '강의평가', 'intent1': '강의', 'intent2': '강의평가 요약', 'professor': '소정민', 'response_text': 'error# 1\n과제 임인성교수님에 비해 쉬운 편이고 채점고 정말 널날하게 하십니다 수업도 열정적으로 하시고 무엇보다 성적을 잘주십니다\n1교시인것만 빼면 최고입니다\n\n# 2\n교수님 강의 자체는 완벽. 흠잡을 부분이 거의 없는 훌륭한 수업이다. 과제가 이미 다른 사람이 설명하였듯이 3가지 있고, 개인적으로는 과제 3 이 상당히 어려웠다. 시험이 문제인데, 수업을 들으면 알겠지만 문제를 낼 부분이 꽤 뻔하다. 그리고 이걸 난위도 있게 내기가 어려워 교수님이 선택한 변별력을 내는 방법이 계산속도인것 같다.  중간고사는 코드를 외우는 문제가 몇개 있고 알고리즘 로직을 알면 무난한 편. 하지만 기말시험 시간이 상당히 빡빡하다. 문제가 10개로 상대적으로 많은 편이며, 각 문제 당 짜잘한 계산을 해서 표를 채우거나 iteration을 해서 그림을 그리는 문제들이 대부분이다. 계산기를 쓰지 못하게 하기 때문에 이런 문제들이 시간을 많이 잡아먹고, 계산이 느리면 본인처럼 시험을 다 못 풀 수 있다.\n\n# 3\n다좋은데 조교가 너무 짜증남 개설교과목 정보에서 조교도 좀 알려주면 좋겠음\n강의계획서 잘살펴야지\n\n', 'status': 'normal', 'user_text': '소정민 알고리즘 강의평가'}___s
r___error# 1
과제 임인성교수님에 비해 쉬운 편이고 채점고 정말 널날하게 하십니다 수업도 열정적으로 하시고 무엇보다 성적을 잘주십니다
1교시인것만 빼면 최고입니다

# 2
교수님 강의 자체는 완벽. 흠잡을 부분이 거의 없는 훌륭한 수업이다. 과제가 이미 다른 사람이 설명하였듯이 3가지 있고, 개인적으로는 과제 3 이 상당히 어려웠다. 시험이 문제인데, 수업을 들으면 알겠지만 문제를 낼 부분이 꽤 뻔하다. 그리고 이걸 난위도 있게 내기가 어려워 교수님이 선택한 변별력을 내는 방법이 계산속도인것 같다.  중간고사는 코드를 외우는 문제가 몇개 있고 알고리즘 로직을 알면 무난한 편. 하지만 기말시험 시간이 상당히 빡빡하다. 문제가 10개로 상대적으로 많은 편이며, 각 문제 당 짜잘한 계산을 해서 표를 채우거나 iteration을 해서 그림을 그리는 문제들이 대부분이다. 계산기를 쓰지 못하게 하기 때문에 이런 문제들이 시간을 많이 잡아먹고, 계산이 느리면 본인처럼 시험을 다 못 풀 수 있다.

# 3
다좋은데 조교가 너무 짜증남 개설교과목 정보에서 조교도 좀 알려주면 좋겠음
강의계획서 잘살펴야지

___r
u___소정민 알고리즘 강의평가___u
i1___강의___1i
i2___강의평가 요약___2i
s___{'course': '알고리즘', 'course_keyword': '강의평가', 'intent1': '강의', 'intent2': '강의평가 요약', 'professor': '소정민', 'response_text': 'error# 1\n과제 임인성교수님에 비해 쉬운 편이고 채점고 정말 널날하게 하십니다 수업도 열정적으로 하시고 무엇보다 성적을 잘주십니다\n1교시인것만 빼면 최고입니다\n\n# 2\n교수님 강의 자체는 완벽. 흠잡을 부분이 거의 없는 훌륭한 수업이다. 과제가 이미 다른 사람이 설명하였듯이 3가지 있고, 개인적으로는 과제 3 이 상당히 어려웠다. 시험이 문제인데, 수업을 들으면 알겠지만 문제를 낼 부분이 꽤 뻔하다. 그리고 이걸 난위도 있게 내기가 어려워 교수님이 선택한 변별력을 내는 방법이 계산속도인것 같다.  중간고사는 코드를 외우는 문제가 몇개 있고 알고리즘 로직을 알면 무난한 편. 하지만 기말시험 시간이 상당히 빡빡하다. 문제가 10개로 상대적으로 많은 편이며, 각 문제 당 짜잘한 계산을 해서 표를 채우거나 iteration을 해서 그림을 그리는 문제들이 대부분이다. 계산기를 쓰지 못하게 하기 때문에 이런 문제들이 시간을 많이 잡아먹고, 계산이 느리면 본인처럼 시험을 다 못 풀 수 있다.\n\n# 3\n다좋은데 조교가 너무 짜증남 개설교과목 정보에서 조교도 좀 알려주면 좋겠음\n강의계획서 잘살펴야지\n\n', 'status': 'normal', 'user_text': '소정민 알고리즘 강의평가'}___s
r___error# 1
과제 임인성교수님에 비해 쉬운 편이고 채점고 정말 널날하게 하십니다 수업도 열정적으로 하시고 무엇보다 성적을 잘주십니다
1교시인것만 빼면 최고입니다

# 2
교수님 강의 자체는 완벽. 흠잡을 부분이 거의 없는 훌륭한 수업이다. 과제가 이미 다른 사람이 설명하였듯이 3가지 있고, 개인적으로는 과제 3 이 상당히 어려웠다. 시험이 문제인데, 수업을 들으면 알겠지만 문제를 낼 부분이 꽤 뻔하다. 그리고 이걸 난위도 있게 내기가 어려워 교수님이 선택한 변별력을 내는 방법이 계산속도인것 같다.  중간고사는 코드를 외우는 문제가 몇개 있고 알고리즘 로직을 알면 무난한 편. 하지만 기말시험 시간이 상당히 빡빡하다. 문제가 10개로 상대적으로 많은 편이며, 각 문제 당 짜잘한 계산을 해서 표를 채우거나 iteration을 해서 그림을 그리는 문제들이 대부분이다. 계산기를 쓰지 못하게 하기 때문에 이런 문제들이 시간을 많이 잡아먹고, 계산이 느리면 본인처럼 시험을 다 못 풀 수 있다.

# 3
다좋은데 조교가 너무 짜증남 개설교과목 정보에서 조교도 좀 알려주면 좋겠음
강의계획서 잘살펴야지

___r
u___소정민 알고리즘 강의평가___u
i1___강의___1i
i2___강의평가 요약___2i
s___{'course': '알고리즘', 'course_keyword': '강의평가', 'intent1': '강의', 'intent2': '강의평가 요약', 'professor': '소정민', 'response_text': '소정민 교수님의 알고리즘설계와분석 강의에 대한 강의 평가를 찾으시는군요!\n강의평가를 기준으로 다른 학우분 들이 하신 평가 몇가지를 보여드리겠습니다.# 1\n과제 임인성교수님에 비해 쉬운 편이고 채점고 정말 널날하게 하십니다 수업도 열정적으로 하시고 무엇보다 성적을 잘주십니다\n1교시인것만 빼면 최고입니다\n\n# 2\n교수님 강의 자체는 완벽. 흠잡을 부분이 거의 없는 훌륭한 수업이다. 과제가 이미 다른 사람이 설명하였듯이 3가지 있고, 개인적으로는 과제 3 이 상당히 어려웠다. 시험이 문제인데, 수업을 들으면 알겠지만 문제를 낼 부분이 꽤 뻔하다. 그리고 이걸 난위도 있게 내기가 어려워 교수님이 선택한 변별력을 내는 방법이 계산속도인것 같다.  중간고사는 코드를 외우는 문제가 몇개 있고 알고리즘 로직을 알면 무난한 편. 하지만 기말시험 시간이 상당히 빡빡하다. 문제가 10개로 상대적으로 많은 편이며, 각 문제 당 짜잘한 계산을 해서 표를 채우거나 iteration을 해서 그림을 그리는 문제들이 대부분이다. 계산기를 쓰지 못하게 하기 때문에 이런 문제들이 시간을 많이 잡아먹고, 계산이 느리면 본인처럼 시험을 다 못 풀 수 있다.\n\n# 3\n다좋은데 조교가 너무 짜증남 개설교과목 정보에서 조교도 좀 알려주면 좋겠음\n강의계획서 잘살펴야지\n\n', 'status': 'normal', 'user_text': '소정민 알고리즘 강의평가'}___s
r___소정민 교수님의 알고리즘설계와분석 강의에 대한 강의 평가를 찾으시는군요!
강의평가를 기준으로 다른 학우분 들이 하신 평가 몇가지를 보여드리겠습니다.# 1
과제 임인성교수님에 비해 쉬운 편이고 채점고 정말 널날하게 하십니다 수업도 열정적으로 하시고 무엇보다 성적을 잘주십니다
1교시인것만 빼면 최고입니다

# 2
교수님 강의 자체는 완벽. 흠잡을 부분이 거의 없는 훌륭한 수업이다. 과제가 이미 다른 사람이 설명하였듯이 3가지 있고, 개인적으로는 과제 3 이 상당히 어려웠다. 시험이 문제인데, 수업을 들으면 알겠지만 문제를 낼 부분이 꽤 뻔하다. 그리고 이걸 난위도 있게 내기가 어려워 교수님이 선택한 변별력을 내는 방법이 계산속도인것 같다.  중간고사는 코드를 외우는 문제가 몇개 있고 알고리즘 로직을 알면 무난한 편. 하지만 기말시험 시간이 상당히 빡빡하다. 문제가 10개로 상대적으로 많은 편이며, 각 문제 당 짜잘한 계산을 해서 표를 채우거나 iteration을 해서 그림을 그리는 문제들이 대부분이다. 계산기를 쓰지 못하게 하기 때문에 이런 문제들이 시간을 많이 잡아먹고, 계산이 느리면 본인처럼 시험을 다 못 풀 수 있다.

# 3
다좋은데 조교가 너무 짜증남 개설교과목 정보에서 조교도 좀 알려주면 좋겠음
강의계획서 잘살펴야지

___r
u___소정민 교수님 알고리즘 언제야___u
i1___강의___1i
i2___특정 수업의 수업시간 및 장소___2i
s___{'course': '알고리즘', 'course_keyword': '언제야', 'intent1': '강의', 'intent2': '특정 수업의 수업시간 및 장소', 'professor': '소정민', 'response_text': '이번 학기에 None 교수님의 수업에 대한 정보가 없습니다!', 'status': 'normal', 'user_text': '소정민 교수님 알고리즘 언제야'}___s
r___이번 학기에 None 교수님의 수업에 대한 정보가 없습니다!___r
u___소정민 교수님 네트워크 언제야___u
i1___강의___1i
i2___특정 수업의 수업시간 및 장소___2i
s___{'course': '네트워크', 'course_keyword': '언제야', 'intent1': '강의', 'intent2': '특정 수업의 수업시간 및 장소', 'professor': '소정민', 'response_text': '이번 학기에 None 교수님의 수업에 대한 정보가 없습니다!', 'status': 'normal', 'user_text': '소정민 교수님 네트워크 언제야'}___s
r___이번 학기에 None 교수님의 수업에 대한 정보가 없습니다!___r
u___소정민 교수님  네트워크 언제야___u
i1___강의___1i
i2___특정 수업의 수업시간 및 장소___2i
s___{'course': '네트워크', 'course_keyword': '언제야', 'intent1': '강의', 'intent2': '특정 수업의 수업시간 및 장소', 'professor': '소정민', 'response_text': '이번 학기에 None 교수님의 수업에 대한 정보가 없습니다!', 'status': 'normal', 'user_text': '소정민 교수님  네트워크 언제야'}___s
r___이번 학기에 None 교수님의 수업에 대한 정보가 없습니다!___r
u___소정민 교수님 네트워크 수업 언제야___u
i1___강의___1i
i2___특정 수업의 수업시간 및 장소___2i
s___{'course': '네트워크', 'course_keyword': '수업 언제야', 'intent1': '강의', 'intent2': '특정 수업의 수업시간 및 장소', 'professor': '소정민', 'response_text': '이번 학기에 None 교수님의 수업에 대한 정보가 없습니다!', 'status': 'normal', 'user_text': '소정민 교수님 네트워크 수업 언제야'}___s
r___이번 학기에 None 교수님의 수업에 대한 정보가 없습니다!___r
u___소정민 교수님 네트워크 수업 언제야___u
i1___강의___1i
i2___특정 수업의 수업시간 및 장소___2i
s___{'course': '네트워크', 'course_keyword': '수업 언제야', 'intent1': '강의', 'intent2': '특정 수업의 수업시간 및 장소', 'professor': '소정민', 'response_text': '이번 학기에 소정민 교수님의 컴퓨터네트워크 수업에 대한 정보가 없습니다!', 'status': 'normal', 'user_text': '소정민 교수님 네트워크 수업 언제야'}___s
r___이번 학기에 소정민 교수님의 컴퓨터네트워크 수업에 대한 정보가 없습니다!___r
u___소정민 교수님 네트워크 수업 언제야___u
i1___강의___1i
i2___특정 수업의 수업시간 및 장소___2i
s___{'course': '네트워크', 'course_keyword': '수업 언제야', 'intent1': '강의', 'intent2': '특정 수업의 수업시간 및 장소', 'professor': '소정민', 'response_text': '소정민 교수님의 컴퓨터네트워크 수업에 대한 정보를 보여드리겠습니다!\n1.\n컴퓨터네트워크(CSE4175) (소정민)\n학점: 3.0\n수업시간: 화,목 15:00~16:15 \n강의실: R404\n권장학년: 4학년\n', 'status': 'normal', 'user_text': '소정민 교수님 네트워크 수업 언제야'}___s
r___소정민 교수님의 컴퓨터네트워크 수업에 대한 정보를 보여드리겠습니다!
1.
컴퓨터네트워크(CSE4175) (소정민)
학점: 3.0
수업시간: 화,목 15:00~16:15 
강의실: R404
권장학년: 4학년
___r
u___로욜라에서 다산관 가는법좀 알려줘___u
i1___지도___1i
i2___길찾기___2i
s___{'course': '네트워크', 'course_keyword': '수업 언제야', 'intent1': '지도', 'intent2': '길찾기', 'professor': '소정민', 'response_text': 'error', 'status': 'need_info', 'user_text': '로욜라에서 다산관 가는법좀 알려줘', 'location_to': '다산관', 'info_key': 'location_from'}___s
r___error___r
u___로욜라에서 다산관 가는법좀 알려줘  error___u
i1___지도___1i
i2___길찾기___2i
s___{'course': '네트워크', 'course_keyword': '수업 언제야', 'info_key': 'location_from', 'intent1': '지도', 'intent2': '길찾기', 'location_to': '다산관', 'professor': '소정민', 'response_text': '다산관에서 다산관로 가는 길을 지도로 표시해 드리겠습니다!', 'status': 'normal', 'user_text': '로욜라에서 다산관 가는법좀 알려줘  error', 'location_from': '다산관', 'path': [{'latitude': 37.5518719, 'longitude': 126.9429765}], 'display_path_map': True}___s
r___다산관에서 다산관로 가는 길을 지도로 표시해 드리겠습니다!___r
u___로욜라에서 다산관 가는법좀 알려줘___u
i1___지도___1i
i2___길찾기___2i
s___{'course': '네트워크', 'course_keyword': '수업 언제야', 'info_key': 'location_from', 'intent1': '지도', 'intent2': '길찾기', 'location_from': '다산관', 'location_to': '다산관', 'path': [{'latitude': 37.5518719, 'longitude': 126.9429765}], 'professor': '소정민', 'response_text': '다산관에서 다산관로 가는 길을 지도로 표시해 드리겠습니다!', 'status': 'normal', 'user_text': '로욜라에서 다산관 가는법좀 알려줘', 'display_path_map': True}___s
r___다산관에서 다산관로 가는 길을 지도로 표시해 드리겠습니다!___r
u___로욜라가 어디냐___u
i1___지도___1i
i2___건물 위치___2i
s___{'course': '네트워크', 'course_keyword': '수업 언제야', 'info_key': 'location_from', 'intent1': '지도', 'intent2': '건물 위치', 'location_from': '다산관', 'location_to': '다산관', 'path': [{'latitude': 37.5518719, 'longitude': 126.9429765}], 'professor': '소정민', 'response_text': '로욜라 동산은 여기에 있습니다!', 'status': 'normal', 'user_text': '로욜라가 어디냐', 'location': '로욜라가', 'location_name': '로욜라 동산', 'coordinate': {'latitude': 37.551700592041016, 'longitude': 126.941162109375}, 'display_location_map': True}___s
r___로욜라 동산은 여기에 있습니다!___r
u___로욜라 도서관 말하는거임___u
i1___강의___1i
i2___특정 수업의 수업시간 및 장소___2i
s___{'coordinate': {'latitude': 37.551700592041016, 'longitude': 126.941162109375}, 'course': '도서관', 'course_keyword': '말하는거임', 'info_key': 'location_from', 'intent1': '강의', 'intent2': '특정 수업의 수업시간 및 장소', 'location': '로욜라', 'location_from': '다산관', 'location_name': '로욜라 동산', 'location_to': '다산관', 'path': [{'latitude': 37.5518719, 'longitude': 126.9429765}], 'professor': '소정민', 'response_text': '박혜윤 교수님의 사회봉사 수업에 대한 정보를 보여드리겠습니다!\n1.\n사회봉사(HSS3002) (박혜윤)\n학점: 2.0\n수업시간: 금 10:30~12:20 \n강의실: MA202\n권장학년: 1-4학년\n', 'status': 'normal', 'user_text': '로욜라 도서관 말하는거임'}___s
r___박혜윤 교수님의 사회봉사 수업에 대한 정보를 보여드리겠습니다!
1.
사회봉사(HSS3002) (박혜윤)
학점: 2.0
수업시간: 금 10:30~12:20 
강의실: MA202
권장학년: 1-4학년
___r
u___로욜라 도서관 어디냐___u
i1___지도___1i
i2___건물 위치___2i
s___{'coordinate': {'latitude': 37.55160140991211, 'longitude': 126.94170379638672}, 'course': '도서관', 'course_keyword': '말하는거임', 'info_key': 'location_from', 'intent1': '지도', 'intent2': '건물 위치', 'location': '도서관', 'location_from': '다산관', 'location_name': '로욜라도서관 1관', 'location_to': '다산관', 'path': [{'latitude': 37.5518719, 'longitude': 126.9429765}], 'professor': '소정민', 'response_text': '로욜라도서관 1관은 여기에 있습니다!', 'status': 'normal', 'user_text': '로욜라 도서관 어디냐', 'display_location_map': True}___s
r___로욜라도서관 1관은 여기에 있습니다!___r
u___로욜라 도서관 어디냐___u
i1___지도___1i
i2___건물 위치___2i
s___{'coordinate': {'latitude': 37.55160140991211, 'longitude': 126.94170379638672}, 'course': '도서관', 'course_keyword': '말하는거임', 'info_key': 'location_from', 'intent1': '지도', 'intent2': '건물 위치', 'location': '도서관', 'location_from': '다산관', 'location_name': '로욜라도서관 1관', 'location_to': '다산관', 'path': [{'latitude': 37.5518719, 'longitude': 126.9429765}], 'professor': '소정민', 'response_text': '로욜라도서관 1관의 위치를 지도에 표시해 드리겠습니다!', 'status': 'normal', 'user_text': '로욜라 도서관 어디냐', 'display_location_map': True}___s
r___로욜라도서관 1관의 위치를 지도에 표시해 드리겠습니다!___r
u___컴공 사무실 어디야___u
i1___학교관련서비스___1i
i2___연락처___2i
s___{'coordinate': {'latitude': 37.55160140991211, 'longitude': 126.94170379638672}, 'course': '도서관', 'course_keyword': '말하는거임', 'info_key': 'location_from', 'intent1': '학교관련서비스', 'intent2': '연락처', 'location': '도서관', 'location_from': '다산관', 'location_name': '로욜라도서관 1관', 'location_to': '다산관', 'path': [{'latitude': 37.5518719, 'longitude': 126.9429765}], 'professor': '소정민', 'response_text': 'error컴퓨터공학:\n  위치: 아담샬관(AS) 910호  연락처:\nTEL: 02-705-8485\nTEL: 02-713-8485\nFAX: 02-704-8273\nE-Mail: csadmin@sogang.ac.kr\n', 'status': 'normal', 'user_text': '컴공 사무실 어디야', 'keyword': '컴공'}___s
r___error컴퓨터공학:
  위치: 아담샬관(AS) 910호  연락처:
TEL: 02-705-8485
TEL: 02-713-8485
FAX: 02-704-8273
E-Mail: csadmin@sogang.ac.kr
___r
u___컴공 사무실 어디야___u
i1___학교관련서비스___1i
i2___연락처___2i
s___{'intent1': '학교관련서비스', 'intent2': '연락처', 'status': 'normal', 'user_text': '컴공 사무실 어디야', 'keyword': '컴공', 'response_text': '컴퓨터공학의 연락처를 찾으시나요? 제가 알려드릴게요!컴퓨터공학:\n  위치: 아담샬관(AS) 910호  연락처:\nTEL: 02-705-8485\nTEL: 02-713-8485\nFAX: 02-704-8273\nE-Mail: csadmin@sogang.ac.kr\n'}___s
r___컴퓨터공학의 연락처를 찾으시나요? 제가 알려드릴게요!컴퓨터공학:
  위치: 아담샬관(AS) 910호  연락처:
TEL: 02-705-8485
TEL: 02-713-8485
FAX: 02-704-8273
E-Mail: csadmin@sogang.ac.kr
___r
u___컴공 사무실 어디야___u
i1___학교관련서비스___1i
i2___연락처___2i
s___{'intent1': '학교관련서비스', 'intent2': '연락처', 'keyword': '컴공', 'response_text': '컴퓨터공학의 연락처를 찾으시나요? 제가 알려드릴게요!\n컴퓨터공학:\n  위치: 아담샬관(AS) 910호  연락처:\nTEL: 02-705-8485\nTEL: 02-713-8485\nFAX: 02-704-8273\nE-Mail: csadmin@sogang.ac.kr\n', 'status': 'normal', 'user_text': '컴공 사무실 어디야'}___s
r___컴퓨터공학의 연락처를 찾으시나요? 제가 알려드릴게요!
컴퓨터공학:
  위치: 아담샬관(AS) 910호  연락처:
TEL: 02-705-8485
TEL: 02-713-8485
FAX: 02-704-8273
E-Mail: csadmin@sogang.ac.kr
___r
u___컴공 사무실 어디야___u
i1___학교관련서비스___1i
i2___연락처___2i
s___{'intent1': '학교관련서비스', 'intent2': '연락처', 'keyword': '컴공', 'response_text': '컴퓨터공학의 연락처를 찾으시나요? 제가 알려드릴게요!\n컴퓨터공학:\n  위치: 아담샬관(AS) 910호\n  연락처:\n    TEL: 02-705-8485\n    TEL: 02-713-8485\n    FAX: 02-704-8273\n    E-Mail: csadmin@sogang.ac.kr\n', 'status': 'normal', 'user_text': '컴공 사무실 어디야'}___s
r___컴퓨터공학의 연락처를 찾으시나요? 제가 알려드릴게요!
컴퓨터공학:
  위치: 아담샬관(AS) 910호
  연락처:
    TEL: 02-705-8485
    TEL: 02-713-8485
    FAX: 02-704-8273
    E-Mail: csadmin@sogang.ac.kr
___r
u___컴공 사무실 어디야___u
i1___학교관련서비스___1i
i2___연락처___2i
s___{'intent1': '학교관련서비스', 'intent2': '연락처', 'keyword': '컴공', 'response_text': '컴퓨터공학의 연락처를 찾으시나요? 제가 알려드릴게요!\n컴퓨터공학:\n    위치: 아담샬관(AS) 910호\n    연락처:\n        - TEL: 02-705-8485\n        - TEL: 02-713-8485\n        - FAX: 02-704-8273\n        - E-Mail: csadmin@sogang.ac.kr\n', 'status': 'normal', 'user_text': '컴공 사무실 어디야'}___s
r___컴퓨터공학의 연락처를 찾으시나요? 제가 알려드릴게요!
컴퓨터공학:
    위치: 아담샬관(AS) 910호
    연락처:
        - TEL: 02-705-8485
        - TEL: 02-713-8485
        - FAX: 02-704-8273
        - E-Mail: csadmin@sogang.ac.kr
___r
u___컴공 사무실 어디야___u
i1___학교관련서비스___1i
i2___연락처___2i
s___{'intent1': '학교관련서비스', 'intent2': '연락처', 'keyword': '컴공', 'response_text': '컴퓨터공학의 위치/연락처를 찾으시나요? 제가 알려드릴게요!\n위치: 아담샬관(AS) 910호\n연락처:\n  - TEL: 02-705-8485\n  - TEL: 02-713-8485\n  - FAX: 02-704-8273\n  - E-Mail: csadmin@sogang.ac.kr\n', 'status': 'normal', 'user_text': '컴공 사무실 어디야'}___s
r___컴퓨터공학의 위치/연락처를 찾으시나요? 제가 알려드릴게요!
위치: 아담샬관(AS) 910호
연락처:
  - TEL: 02-705-8485
  - TEL: 02-713-8485
  - FAX: 02-704-8273
  - E-Mail: csadmin@sogang.ac.kr
___r
